Warning: This is a nightly build of Foundry. It is recommended to use the latest stable version. To mute this warning set `FOUNDRY_DISABLE_NIGHTLY_WARNING` in your environment. 



                             _   _
                            (_) | |
      __ _   _ __   __   __  _  | |
     / _` | | '_ \  \ \ / / | | | |
    | (_| | | | | |  \ V /  | | | |
     \__,_| |_| |_|   \_/   |_| |_|

    1.6.0-nightly (10c0ab14a7 2026-03-06T06:10:30.194819727Z)
    https://github.com/foundry-rs/foundry

Available Accounts
==================

(0) 0xf39Fd6e51aad88F6F4ce6aB8827279cffFb92266 (10000.000000000000000000 ETH)
(1) 0x70997970C51812dc3A010C7d01b50e0d17dc79C8 (10000.000000000000000000 ETH)
(2) 0x3C44CdDdB6a900fa2b585dd299e03d12FA4293BC (10000.000000000000000000 ETH)
(3) 0x90F79bf6EB2c4f870365E785982E1f101E93b906 (10000.000000000000000000 ETH)
(4) 0x15d34AAf54267DB7D7c367839AAf71A00a2C6A65 (10000.000000000000000000 ETH)
(5) 0x9965507D1a55bcC2695C58ba16FB37d819B0A4dc (10000.000000000000000000 ETH)
(6) 0x976EA74026E726554dB657fA54763abd0C3a0aa9 (10000.000000000000000000 ETH)
(7) 0x14dC79964da2C08b23698B3D3cc7Ca32193d9955 (10000.000000000000000000 ETH)
(8) 0x23618e81E3f5cdF7f54C3d65f7FBc0aBf5B21E8f (10000.000000000000000000 ETH)
(9) 0xa0Ee7A142d267C1f36714E4a8F75612F20a79720 (10000.000000000000000000 ETH)

Private Keys
==================

(0) 0xac0974bec39a17e36ba4a6b4d238ff944bacb478cbed5efcae784d7bf4f2ff80
(1) 0x59c6995e998f97a5a0044966f0945389dc9e86dae88c7a8412f4603b6b78690d
(2) 0x5de4111afa1a4b94908f83103eb1f1706367c2e68ca870fc3fb9a804cdab365a
(3) 0x7c852118294e51e653712a81e05800f419141751be58f605c371e15141b007a6
(4) 0x47e179ec197488593b187f80a00eb0da91f1b9d0b13f8733639f19c30a34926a
(5) 0x8b3a350cf5c34c9194ca85829a2df0ec3153be0318b5e2d3348e872092edffba
(6) 0x92db14e403b83dfe3df233f83dfa3a0d7096f21ca9b0d6d6b8d88b2b4ec1564e
(7) 0x4bbbf85ce3377467afe5d46f804f221813b2bb87f24d81f60f1fcdbf7cbf4356
(8) 0xdbda1821b80551c9d65939329250298aa3472ba22feea921c0cf5d620ea67b97
(9) 0x2a871d0798f97d79848a013d4936a73bf4cc922c825d33c1cf7073dff6d409c6

Wallet
==================
Mnemonic:          test test test test test test test test test test test junk
Derivation path:   m/44'/60'/0'/0/


Chain ID
==================

31337

Base Fee
==================

1000000000

Gas Limit
==================

30000000

Genesis Timestamp
==================

1779902702

Genesis Number
==================

0

Listening on 127.0.0.1:8545
eth_chainId
eth_getTransactionCount
eth_feeHistory
eth_estimateGas
eth_sendRawTransaction
eth_getTransactionReceipt
eth_getTransactionReceipt

    Transaction: 0x82282fc4d0e5c5127384b3453ac199da9f3698e7473cabf2cc7a31a8973c7346
    Gas used: 21000

    Block Number: 1
    Block Hash: 0x1c4f3fa69151c907d37d0222e6272bc0d2efb61078ddebf623261be7cd707dd5
eth_blockNumber
    Block Time: "Wed, 27 May 2026 17:25:04 +0000"

eth_getBlockByNumber
eth_getTransactionReceipt
eth_getBlockByNumber
eth_getTransactionCount
eth_getCode
eth_gasPrice
eth_getBlockByNumber
eth_chainId
eth_gasPrice
eth_getBlockByNumber
eth_chainId
eth_getAccountInfo
eth_getAccount
eth_getCode
eth_getTransactionCount
eth_getBalance
eth_getCode
eth_getAccountInfo
eth_getAccount
eth_getCode
eth_getAccountInfo
eth_getAccount
eth_getCode
eth_getAccountInfo
eth_getAccount
eth_getCode
eth_getAccountInfo
eth_getAccount
eth_getCode
eth_getAccountInfo
eth_getAccount
eth_getCode
eth_getAccountInfo
eth_getAccount
eth_getCode
eth_getAccountInfo
eth_getAccount
eth_getCode
eth_getAccountInfo
eth_getAccount
eth_getCode
eth_getAccountInfo
eth_getAccount
eth_getCode
eth_chainId
eth_chainId
eth_getTransactionCount
eth_getCode
eth_chainId
eth_getBlockByNumber
eth_gasPrice
eth_gasPrice
eth_chainId
eth_getBlockByNumber
eth_getAccountInfo
eth_getAccount
eth_getBalance
eth_getCode
eth_getTransactionCount
eth_getCode
eth_getAccountInfo
eth_getAccount
eth_getCode
eth_getAccountInfo
eth_getAccount
eth_getCode
eth_getAccountInfo
eth_getAccount
eth_getCode
eth_getAccountInfo
eth_getAccount
eth_getCode
eth_getAccountInfo
eth_getAccount
eth_getCode
eth_getAccountInfo
eth_getAccount
eth_getCode
eth_getAccountInfo
eth_getAccount
eth_getCode
eth_getAccountInfo
eth_getAccount
eth_getCode
eth_getAccountInfo
eth_getAccount
eth_getCode
eth_chainId
eth_chainId
eth_gasPrice
eth_chainId
eth_getBlockByNumber
eth_chainId
eth_feeHistory
eth_feeHistory
eth_sendRawTransaction

    Transaction: 0x574668e78b0a76ff52708eca621118a9796f1973a0b32860928fb36907992cb8
    Contract created: 0x99F4DD67163355e0C3FF5B5790e238fC6e0b8064
    Gas used: 1337817

    Block Number: 2
    Block Hash: 0xf8eec235377423c6b5b9c20fb66fcca7899fb65ba582d9cf03614e3532d26fe9
    Block Time: "Wed, 27 May 2026 17:26:04 +0000"

eth_sendRawTransaction
eth_sendRawTransaction
eth_sendRawTransaction
eth_sendRawTransaction
eth_sendRawTransaction
eth_sendRawTransaction

    Transaction: 0xcdb902b7f4cdcecd790228fadabd50128a531a2878c27ac394005a1b90c075ec
    Contract created: 0x7cC8b442cD953ae16e93bB9C8d66BBeec2245DDd
    Gas used: 1081191

    Block Number: 3
    Block Hash: 0xdd2879d472b838c5d7995b9be60cf30808cd818cfc318ae2c60d8067783bb625
    Block Time: "Wed, 27 May 2026 17:26:04 +0000"


    Transaction: 0xa717c012f0214df06b1b3c63cdf659d3c9575f349ae7bac65b7df872a7f5b36a
    Contract created: 0x813808c75F1C7688F9f41b738Db1457Ed831072B
    Gas used: 794840

    Transaction: 0x75ba8b04d657a23bee2905c64dfcdc0128d69c92f42cb010ef29fce28a32d0c1
    Contract created: 0x315454d1E9Cb03a922BBeBfC926441038282736B
    Gas used: 2353483

    Transaction: 0x8ca7866437f802b2dce265aae8d6e82815be614d1bc69daeb4345bbd62b16250
    Gas used: 2401449

    Transaction: 0x3c2d084d93d8ac94bdc3b886474ff3520b7c958fc469387e84444350082e9655
    Gas used: 2449433

    Transaction: 0x47196b207e67934df0a36a91452591daa737b943c513dce230bb5f84950cc06e
    Gas used: 2497496

    Block Number: 4
    Block Hash: 0x34fa7a055e7e827ced61e3be7829b45372509737f8ce95675ba1d738ccbc33eb
    Block Time: "Wed, 27 May 2026 17:26:04 +0000"

eth_getTransactionReceipt
eth_getTransactionReceipt
eth_getTransactionReceipt
eth_getTransactionReceipt
eth_getTransactionReceipt
eth_getTransactionReceipt
eth_getTransactionReceipt
eth_getTransactionReceipt
eth_getTransactionReceipt
eth_getTransactionReceipt
eth_getTransactionReceipt
eth_getTransactionReceipt
eth_getTransactionReceipt
eth_getTransactionReceipt
